CRITICAL - 2023-01-11 08:46:02 --> Invalid file: "master-template.php"
in SYSTEMPATH\Exceptions\FrameworkException.php on line 33.
 1 SYSTEMPATH\View\View.php(201): CodeIgniter\Exceptions\FrameworkException::forInvalidFile('master-template.php')
 2 SYSTEMPATH\View\View.php(229): CodeIgniter\View\View->render('master-template', [], true)
 3 SYSTEMPATH\Common.php(1177): CodeIgniter\View\View->render('pages/homepage', [], true)
 4 APPPATH\Controllers\Home.php(9): view('pages/homepage')
 5 SYSTEMPATH\CodeIgniter.php(934): App\Controllers\Home->index()
 6 SYSTEMPATH\CodeIgniter.php(499): CodeIgniter\CodeIgniter->runController(Object(App\Controllers\Home))
 7 SYSTEMPATH\CodeIgniter.php(368): CodeIgniter\CodeIgniter->handleRequest(null, Object(Config\Cache), false)
 8 FCPATH\index.php(67): CodeIgniter\CodeIgniter->run()
 9 SYSTEMPATH\Commands\Server\rewrite.php(47): require_once('FCPATH\\index.php')
CRITICAL - 2023-01-11 08:46:25 --> Invalid file: "master-template.php"
in SYSTEMPATH\Exceptions\FrameworkException.php on line 33.
 1 SYSTEMPATH\View\View.php(201): CodeIgniter\Exceptions\FrameworkException::forInvalidFile('master-template.php')
 2 SYSTEMPATH\View\View.php(229): CodeIgniter\View\View->render('master-template', [], true)
 3 SYSTEMPATH\Common.php(1177): CodeIgniter\View\View->render('pages/homepage', [], true)
 4 APPPATH\Controllers\Home.php(9): view('pages/homepage')
 5 SYSTEMPATH\CodeIgniter.php(934): App\Controllers\Home->index()
 6 SYSTEMPATH\CodeIgniter.php(499): CodeIgniter\CodeIgniter->runController(Object(App\Controllers\Home))
 7 SYSTEMPATH\CodeIgniter.php(368): CodeIgniter\CodeIgniter->handleRequest(null, Object(Config\Cache), false)
 8 FCPATH\index.php(67): CodeIgniter\CodeIgniter->run()
 9 SYSTEMPATH\Commands\Server\rewrite.php(47): require_once('FCPATH\\index.php')
